[2026-02-06 04:58:41] INFO - [sample_01.json] 처리 완료 → {'car_number': '8713', 'date': '2026-02-02', 'weights': {'total': 12480, 'empty': 7470, 'net': 5010}}
[2026-02-06 04:58:41] INFO - [sample_02.json] 처리 완료 → {'car_number': '80구8713', 'date': '2026-02-02', 'weights': {'total': 13460, 'empty': 7560, 'net': 5900}}
[2026-02-06 04:58:41] INFO - [sample_03.json] 처리 완료 → {'car_number': '5405', 'date': '2026-02-01', 'weights': {'total': 14080, 'empty': 13950, 'net': 130}}
[2026-02-06 04:58:41] INFO - [sample_04.json] 처리 완료 → {'car_number': '0580', 'date': '2025-12-01', 'weights': {'total': 14230, 'empty': 12910, 'net': 1320}}
[2026-02-06 04:58:41] INFO - 전체 파이프라인 완료
[2026-02-06 05:02:30] INFO - [sample_01.json] 처리 완료 → {'car_number': '8713', 'date': '2026-02-02', 'weights': {'total': 12480, 'empty': 7470, 'net': 5010}}
[2026-02-06 05:02:30] INFO - [sample_02.json] 처리 완료 → {'car_number': '80구8713', 'date': '2026-02-02', 'weights': {'total': 13460, 'empty': 7560, 'net': 5900}}
[2026-02-06 05:02:30] INFO - [sample_03.json] 처리 완료 → {'car_number': '5405', 'date': '2026-02-01', 'weights': {'total': 14080, 'empty': 13950, 'net': 130}}
[2026-02-06 05:02:30] INFO - [sample_04.json] 처리 완료 → {'car_number': '0580', 'date': '2025-12-01', 'weights': {'total': 14230, 'empty': 12910, 'net': 1320}}
[2026-02-06 05:02:30] INFO - 전체 파이프라인 완료
[2026-02-06 14:33:24] INFO - [sample_01.json] 처리 완료 → {'car_number': '8713', 'date': '2026-02-02', 'issuer_name': '동우바이오(주)', 'client_name': 'N/A', 'weights': {'total': 12480, 'empty': 7470, 'net': 5010}}
[2026-02-06 14:33:24] INFO - [sample_02.json] 처리 완료 → {'car_number': '80구8713', 'date': '2026-02-02', 'issuer_name': '장원C&S', 'client_name': 'N/A', 'weights': {'total': 13460, 'empty': 7560, 'net': 5900}}
[2026-02-06 14:33:24] INFO - [sample_03.json] 처리 완료 → {'car_number': '5405', 'date': '2026-02-01', 'issuer_name': '정우리사이클링 (주)', 'client_name': 'N/A', 'weights': {'total': 14080, 'empty': 13950, 'net': 130}}
[2026-02-06 14:33:24] INFO - [sample_04.json] 처리 완료 → {'car_number': '0580', 'date': '2025-12-01', 'issuer_name': '(주) 하 은 펄 프', 'client_name': 'N/A', 'weights': {'total': 14230, 'empty': 12910, 'net': 1320}}
[2026-02-06 14:33:24] INFO - 전체 파이프라인 완료
[2026-02-06 14:49:07] INFO - [sample_01.json] 처리 완료 → {'car_number': '8713', 'date': '2026-02-02', 'issuer_name': '동우바이오(주)', 'client_name': '곰욕환경폐기물', 'weights': {'total': 12480, 'empty': 7470, 'net': 5010}}
[2026-02-06 14:49:07] INFO - [sample_02.json] 처리 완료 → {'car_number': '80구8713', 'date': '2026-02-02', 'issuer_name': '장원C&S', 'client_name': '고요환경', 'weights': {'total': 13460, 'empty': 7560, 'net': 5900}}
[2026-02-06 14:49:07] INFO - [sample_03.json] 처리 완료 → {'car_number': '5405', 'date': '2026-02-01', 'issuer_name': '정우리사이클링 (주)', 'client_name': 'N/A', 'weights': {'total': 14080, 'empty': 13950, 'net': 130}}
[2026-02-06 14:49:07] INFO - [sample_04.json] 처리 완료 → {'car_number': '0580', 'date': '2025-12-01', 'issuer_name': '(주) 하은펄프', 'client_name': '신성(푸디스트)', 'weights': {'total': 14230, 'empty': 12910, 'net': 1320}}
[2026-02-06 14:49:07] INFO - 전체 파이프라인 완료
[2026-02-06 14:51:14] INFO - [sample_01.json] 처리 완료 → {'car_number': '8713', 'date': '2026-02-02', 'issuer_name': '동우바이오(주)', 'client_name': '곰욕환경폐기물', 'weights': {'total': 12480, 'empty': 7470, 'net': 5010}}
[2026-02-06 14:51:14] INFO - [sample_02.json] 처리 완료 → {'car_number': '80구8713', 'date': '2026-02-02', 'issuer_name': '장원C&S', 'client_name': '고요환경', 'weights': {'total': 13460, 'empty': 7560, 'net': 5900}}
[2026-02-06 14:51:14] INFO - [sample_03.json] 처리 완료 → {'car_number': '5405', 'date': '2026-02-01', 'issuer_name': '정우리사이클링 (주)', 'client_name': 'N/A', 'weights': {'total': 14080, 'empty': 13950, 'net': 130}}
[2026-02-06 14:51:14] INFO - [sample_04.json] 처리 완료 → {'car_number': '0580', 'date': '2025-12-01', 'issuer_name': '(주) 하은펄프', 'client_name': '신성(푸디스트)', 'weights': {'total': 14230, 'empty': 12910, 'net': 1320}}
[2026-02-06 14:51:14] INFO - 전체 파이프라인 완료
[2026-02-06 14:56:09] INFO - [sample_01.json] 처리 완료 → {'car_number': '8713', 'date': '2026-02-02', 'issuer_name': '동우바이오(주)', 'client_name': '곰욕환경폐기물', 'weights': {'total': 12480, 'empty': 7470, 'net': 5010}}
[2026-02-06 14:56:09] INFO - [sample_02.json] 처리 완료 → {'car_number': '80구8713', 'date': '2026-02-02', 'issuer_name': '장원C&S', 'client_name': '고요환경', 'weights': {'total': 13460, 'empty': 7560, 'net': 5900}}
[2026-02-06 14:56:09] INFO - [sample_03.json] 처리 완료 → {'car_number': '5405', 'date': '2026-02-01', 'issuer_name': '정우리사이클링 (주)', 'client_name': 'N/A', 'weights': {'total': 14080, 'empty': 13950, 'net': 130}}
[2026-02-06 14:56:09] INFO - [sample_04.json] 처리 완료 → {'car_number': '0580', 'date': '2025-12-01', 'issuer_name': '(주)하은펄프', 'client_name': '신성(푸디스트)', 'weights': {'total': 14230, 'empty': 12910, 'net': 1320}}
[2026-02-06 14:56:09] INFO - 전체 파이프라인 완료
[2026-02-06 14:57:05] INFO - [sample_01.json] 처리 완료 → {'car_number': '8713', 'date': '2026-02-02', 'issuer_name': '동우바이오(주)', 'client_name': '곰욕환경폐기물', 'weights': {'total': 12480, 'empty': 7470, 'net': 5010}}
[2026-02-06 14:57:05] INFO - [sample_02.json] 처리 완료 → {'car_number': '80구8713', 'date': '2026-02-02', 'issuer_name': '장원C&S', 'client_name': '고요환경', 'weights': {'total': 13460, 'empty': 7560, 'net': 5900}}
[2026-02-06 14:57:05] INFO - [sample_03.json] 처리 완료 → {'car_number': '5405', 'date': '2026-02-01', 'issuer_name': '정우리사이클링(주)', 'client_name': 'N/A', 'weights': {'total': 14080, 'empty': 13950, 'net': 130}}
[2026-02-06 14:57:05] INFO - [sample_04.json] 처리 완료 → {'car_number': '0580', 'date': '2025-12-01', 'issuer_name': '(주)하은펄프', 'client_name': '신성(푸디스트)', 'weights': {'total': 14230, 'empty': 12910, 'net': 1320}}
[2026-02-06 14:57:05] INFO - 전체 파이프라인 완료
[2026-02-06 15:02:44] INFO - [sample_01.json] 처리 완료 → {'car_number': '8713', 'date': '2026-02-02', 'issuer_name': '동우바이오(주)', 'issuer_address': 'N/A', 'client_name': '곰욕환경폐기물', 'weights': {'total': 12480, 'empty': 7470, 'net': 5010}}
[2026-02-06 15:02:44] INFO - [sample_02.json] 처리 완료 → {'car_number': '80구8713', 'date': '2026-02-02', 'issuer_name': '장원C&S', 'issuer_address': 'N/A', 'client_name': '고요환경', 'weights': {'total': 13460, 'empty': 7560, 'net': 5900}}
[2026-02-06 15:02:44] INFO - [sample_03.json] 처리 완료 → {'car_number': '5405', 'date': '2026-02-01', 'issuer_name': '정우리사이클링(주)', 'issuer_address': '경기도 화성시 팔탄면 노하길454번길 23', 'client_name': 'N/A', 'weights': {'total': 14080, 'empty': 13950, 'net': 130}}
[2026-02-06 15:02:44] INFO - [sample_04.json] 처리 완료 → {'car_number': '0580', 'date': '2025-12-01', 'issuer_name': '(주)하은펄프', 'issuer_address': '경기도 화성시 팔탄면 포승향남로 2960-19', 'client_name': '신성(푸디스트)', 'weights': {'total': 14230, 'empty': 12910, 'net': 1320}}
[2026-02-06 15:02:44] INFO - 전체 파이프라인 완료
[2026-02-06 19:36:30] INFO - [sample_01.json] 처리 완료 → {'car_number': '8713', 'date': '2026-02-02', 'issuer_name': '동우바이오(주)', 'issuer_address': 'N/A', 'client_name': '곰욕환경폐기물', 'weights': {'total': 12480, 'empty': 7470, 'net': 5010}}
[2026-02-06 19:36:30] INFO - [sample_02.json] 처리 완료 → {'car_number': '80구8713', 'date': '2026-02-02', 'issuer_name': '장원C&S', 'issuer_address': 'N/A', 'client_name': '고요환경', 'weights': {'total': 13460, 'empty': 7560, 'net': 5900}}
[2026-02-06 19:36:30] INFO - [sample_03.json] 처리 완료 → {'car_number': '5405', 'date': '2026-02-01', 'issuer_name': '정우리사이클링(주)', 'issuer_address': '경기도 화성시 팔탄면 노하길454번길 23', 'client_name': 'N/A', 'weights': {'total': 14080, 'empty': 13950, 'net': 130}}
[2026-02-06 19:36:30] INFO - [sample_04.json] 처리 완료 → {'car_number': '0580', 'date': '2025-12-01', 'issuer_name': '(주)하은펄프', 'issuer_address': '경기도 화성시 팔탄면 포승향남로 2960-19', 'client_name': '신성(푸디스트)', 'weights': {'total': 14230, 'empty': 12910, 'net': 1320}}
[2026-02-06 19:36:30] INFO - 전체 파이프라인 완료
[2026-02-06 19:47:21] INFO - [sample_01.json] 처리 완료 → {'car_number': '8713', 'date': '2026-02-02', 'issuer_name': '동우바이오(주)', 'issuer_address': 'N/A', 'client_name': '곰욕환경폐기물', 'weights': {'total': 12480, 'empty': 7470, 'net': 5010}}
[2026-02-06 19:47:21] INFO - [sample_02.json] 처리 완료 → {'car_number': '80구8713', 'date': '2026-02-02', 'issuer_name': '장원C&S', 'issuer_address': 'N/A', 'client_name': '고요환경', 'weights': {'total': 13460, 'empty': 7560, 'net': 5900}}
[2026-02-06 19:47:21] INFO - [sample_03.json] 처리 완료 → {'car_number': '5405', 'date': '2026-02-01', 'issuer_name': '정우리사이클링(주)', 'issuer_address': '경기도 화성시 팔탄면 노하길454번길 23', 'client_name': 'N/A', 'weights': {'total': 14080, 'empty': 13950, 'net': 130}}
[2026-02-06 19:47:21] INFO - [sample_04.json] 처리 완료 → {'car_number': '0580', 'date': '2025-12-01', 'issuer_name': '(주)하은펄프', 'issuer_address': '경기도 화성시 팔탄면 포승향남로 2960-19', 'client_name': '신성(푸디스트)', 'weights': {'total': 14230, 'empty': 12910, 'net': 1320}}
[2026-02-06 19:47:21] INFO - 전체 파이프라인 완료
[2026-02-06 19:57:45] INFO - [sample_01.json] 처리 완료 → {'car_number': '8713', 'date': '2026-02-02', 'issuer_name': '동우바이오(주)', 'issuer_address': 'N/A', 'client_name': '곰욕환경폐기물', 'weights': {'total': 12480, 'empty': 7470, 'net': 5010}}
[2026-02-06 19:57:45] INFO - [sample_02.json] 처리 완료 → {'car_number': '80구8713', 'date': '2026-02-02', 'issuer_name': '장원C&S', 'issuer_address': 'N/A', 'client_name': '고요환경', 'weights': {'total': 13460, 'empty': 7560, 'net': 5900}}
[2026-02-06 19:57:45] INFO - [sample_03.json] 처리 완료 → {'car_number': '5405', 'date': '2026-02-01', 'issuer_name': '정우리사이클링(주)', 'issuer_address': '경기도 화성시 팔탄면 노하길454번길 23', 'client_name': 'N/A', 'weights': {'total': 14080, 'empty': 13950, 'net': 130}}
[2026-02-06 19:57:45] INFO - [sample_04.json] 처리 완료 → {'car_number': '0580', 'date': '2025-12-01', 'issuer_name': '(주)하은펄프', 'issuer_address': '경기도 화성시 팔탄면 포승향남로 2960-19', 'client_name': '신성(푸디스트)', 'weights': {'total': 14230, 'empty': 12910, 'net': 1320}}
[2026-02-06 19:57:45] INFO - 전체 파이프라인 완료
[2026-02-06 20:32:28] INFO - [sample_01.json] 처리 완료 → {'car_number': '8713', 'date': '2026-02-02', 'issuer_name': '동우바이오(주)', 'issuer_address': 'N/A', 'client_name': '곰욕환경폐기물', 'weights': {'total': 12480, 'empty': 7470, 'net': 5010}}
[2026-02-06 20:32:28] INFO - [sample_02.json] 처리 완료 → {'car_number': '80구8713', 'date': '2026-02-02', 'issuer_name': '장원C&S', 'issuer_address': 'N/A', 'client_name': '고요환경', 'weights': {'total': 13460, 'empty': 7560, 'net': 5900}}
[2026-02-06 20:32:28] INFO - [sample_03.json] 처리 완료 → {'car_number': '5405', 'date': '2026-02-01', 'issuer_name': '정우리사이클링(주)', 'issuer_address': '경기도 화성시 팔탄면 노하길454번길 23', 'client_name': 'N/A', 'weights': {'total': 14080, 'empty': 13950, 'net': 130}}
[2026-02-06 20:32:28] INFO - [sample_04.json] 처리 완료 → {'car_number': '0580', 'date': '2025-12-01', 'issuer_name': '(주)하은펄프', 'issuer_address': '경기도 화성시 팔탄면 포승향남로 2960-19', 'client_name': '신성(푸디스트)', 'weights': {'total': 14230, 'empty': 12910, 'net': 1320}}
[2026-02-06 20:32:28] INFO - 전체 파이프라인 완료
[2026-02-06 20:46:44] INFO - [sample_01.json] 처리 완료 → {'car_number': '8713', 'date': '2026-02-02', 'issuer_name': '동우바이오(주)', 'issuer_address': 'N/A', 'client_name': '곰욕환경폐기물', 'weights': {'total': 12480, 'empty': 7470, 'net': 5010}}
[2026-02-06 20:46:44] INFO - [sample_02.json] 처리 완료 → {'car_number': '80구8713', 'date': '2026-02-02', 'issuer_name': '장원C&S', 'issuer_address': 'N/A', 'client_name': '고요환경', 'weights': {'total': 13460, 'empty': 7560, 'net': 5900}}
[2026-02-06 20:46:44] INFO - [sample_03.json] 처리 완료 → {'car_number': '5405', 'date': '2026-02-01', 'issuer_name': '정우리사이클링(주)', 'issuer_address': '경기도 화성시 팔탄면 노하길454번길 23', 'client_name': 'N/A', 'weights': {'total': 14080, 'empty': 13950, 'net': 130}}
[2026-02-06 20:46:44] INFO - [sample_04.json] 처리 완료 → {'car_number': '0580', 'date': '2025-12-01', 'issuer_name': '(주)하은펄프', 'issuer_address': '경기도 화성시 팔탄면 포승향남로 2960-19', 'client_name': '신성(푸디스트)', 'weights': {'total': 14230, 'empty': 12910, 'net': 1320}}
[2026-02-06 20:46:44] INFO - 전체 파이프라인 완료[2026-02-08 20:45:31] INFO - NLP 보조 모드 활성화: EntityRuler 적용
[2026-02-08 20:45:31] INFO - [sample_01.json] 처리 완료 → {'car_number': '8713', 'date': '2026-02-02', 'issuer_name': '동우바이오(주)', 'issuer_address': 'N/A', 'client_name': '곰욕환경폐기물', 'weights': {'total': 12480, 'empty': 7470, 'net': 5010}}
[2026-02-08 20:45:31] INFO - [sample_02.json] 처리 완료 → {'car_number': '80구8713', 'date': '2026-02-02', 'issuer_name': '장원C&S', 'issuer_address': 'N/A', 'client_name': '고요환경', 'weights': {'total': 13460, 'empty': 7560, 'net': 5900}}
[2026-02-08 20:45:31] INFO - [sample_03.json] 처리 완료 → {'car_number': '5405', 'date': '2026-02-01', 'issuer_name': '정우리사이클링(주)', 'issuer_address': '경기도 화성시 팔탄면 노하길454번길 23', 'client_name': 'N/A', 'weights': {'total': 14080, 'empty': 13950, 'net': 130}}
[2026-02-08 20:45:31] INFO - [sample_04.json] 처리 완료 → {'car_number': '0580', 'date': '2025-12-01', 'issuer_name': '(주)하은펄프', 'issuer_address': '경기도 화성시 팔탄면 포승향남로 2960-19', 'client_name': '신성(푸디스트)', 'weights': {'total': 14230, 'empty': 12910, 'net': 1320}}
[2026-02-08 20:45:31] INFO - 전체 파이프라인 완료
[2026-02-09 20:15:45] INFO - [sample_01.json] 처리 완료 → {'car_number': '8713', 'date': '2026-02-02', 'issuer_name': '동우바이오(주)', 'issuer_address': 'N/A', 'client_name': '고요환경', 'weights': {'total': 12480, 'empty': 7470, 'net': 5010}}
[2026-02-09 20:15:45] INFO - [sample_02.json] 처리 완료 → {'car_number': '80구8713', 'date': '2026-02-02', 'issuer_name': '장원C&S', 'issuer_address': 'N/A', 'client_name': '고요환경', 'weights': {'total': 13460, 'empty': 7560, 'net': 5900}}
[2026-02-09 20:15:45] INFO - [sample_03.json] 처리 완료 → {'car_number': '5405', 'date': '2026-02-01', 'issuer_name': '정우리사이클링(주)', 'issuer_address': '경기도 화성시 팔탄면 노하길454번길 23', 'client_name': 'N/A', 'weights': {'total': 14080, 'empty': 13950, 'net': 130}}
[2026-02-09 20:15:45] INFO - [sample_04.json] 처리 완료 → {'car_number': '0580', 'date': '2025-12-01', 'issuer_name': '(주)하은펄프', 'issuer_address': '경기도 화성시 팔탄면 포승향남로 2960-19', 'client_name': '신성(푸디스트)', 'weights': {'total': 14230, 'empty': 12910, 'net': 1320}}
[2026-02-09 20:15:45] INFO - 전체 파이프라인 완료
[2026-02-09 22:19:17] INFO - [sample_01.json] 처리 완료 → {'car_number': '8713', 'date': '2026-02-02', 'issuer_name': '동우바이오(주)', 'issuer_address': 'N/A', 'client_name': '고요환경', 'weights': {'unit': 'kg', 'total': 12480, 'empty': 7470, 'net': 5010}}
[2026-02-09 22:19:17] INFO - [sample_02.json] 처리 완료 → {'car_number': '80구8713', 'date': '2026-02-02', 'issuer_name': '장원C&S', 'issuer_address': 'N/A', 'client_name': '고요환경', 'weights': {'unit': 'kg', 'total': 13460, 'empty': 7560, 'net': 5900}}
[2026-02-09 22:19:17] INFO - [sample_03.json] 처리 완료 → {'car_number': '5405', 'date': '2026-02-01', 'issuer_name': '정우리사이클링(주)', 'issuer_address': '경기도 화성시 팔탄면 노하길454번길 23', 'client_name': 'N/A', 'weights': {'unit': 'kg', 'total': 14080, 'empty': 13950, 'net': 130}}
[2026-02-09 22:19:17] INFO - [sample_04.json] 처리 완료 → {'car_number': '0580', 'date': '2025-12-01', 'issuer_name': '(주)하은펄프', 'issuer_address': '경기도 화성시 팔탄면 포승향남로 2960-19', 'client_name': '신성(푸디스트)', 'weights': {'unit': 'kg', 'total': 14230, 'empty': 12910, 'net': 1320}}
[2026-02-09 22:19:17] INFO - 전체 파이프라인 완료
